2026-06-25 17:03:54,633 [INFO] main: 🤖 交易信号机器人启动
2026-06-25 17:03:54,633 [INFO] main:    监控币种: BTCUSDT, ETHUSDT, SOLUSDT, BNBUSDT
2026-06-25 17:03:54,633 [INFO] main:    时间周期: 1H
2026-06-25 17:03:54,633 [INFO] main:    扫描间隔: 60 分钟
2026-06-25 17:03:55,513 [ERROR] discord_notifier: Discord 推送失败: 401 {"message": "Invalid Webhook Token", "code": 50027}
2026-06-25 17:03:55,515 [INFO] main: === 开始市场扫描 [2026-06-25 09:03 UTC] ===
2026-06-25 17:03:55,515 [INFO] main:   → 分析 BTCUSDT ...
2026-06-25 17:03:58,730 [INFO] main:      BTCUSDT: NEUTRAL (强度 0) 价格=61702.0000 RSI=53.4
2026-06-25 17:03:58,730 [INFO] main:      · 信号强度不足或为中性，跳过推送
2026-06-25 17:03:58,731 [INFO] main:   → 分析 ETHUSDT ...
2026-06-25 17:04:01,178 [INFO] main:      ETHUSDT: NEUTRAL (强度 0) 价格=1654.1300 RSI=57.2
2026-06-25 17:04:01,178 [INFO] main:      · 信号强度不足或为中性，跳过推送
2026-06-25 17:04:01,178 [INFO] main:   → 分析 SOLUSDT ...
2026-06-25 17:04:03,690 [INFO] main:      SOLUSDT: NEUTRAL (强度 0) 价格=69.1500 RSI=55.7
2026-06-25 17:04:03,690 [INFO] main:      · 信号强度不足或为中性，跳过推送
2026-06-25 17:04:03,690 [INFO] main:   → 分析 BNBUSDT ...
2026-06-25 17:04:05,568 [INFO] main:      BNBUSDT: NEUTRAL (强度 0) 价格=569.7800 RSI=52.3
2026-06-25 17:04:05,569 [INFO] main:      · 信号强度不足或为中性，跳过推送
2026-06-25 17:04:06,785 [ERROR] discord_notifier: Discord 推送失败: 401 {"message": "Invalid Webhook Token", "code": 50027}
2026-06-25 17:04:06,787 [INFO] main: 汇总报告已发送，共分析 4 个币种
2026-06-25 17:04:06,787 [INFO] main: === 扫描完成 ===

2026-06-25 17:04:06,787 [INFO] main: --once 模式，退出
2026-06-25 17:13:54,274 [INFO] main: 🤖 交易信号机器人启动
2026-06-25 17:13:54,275 [INFO] main:    监控币种: BTCUSDT, ETHUSDT, SOLUSDT, BNBUSDT
2026-06-25 17:13:54,275 [INFO] main:    时间周期: 1H
2026-06-25 17:13:54,275 [INFO] main:    扫描间隔: 60 分钟
2026-06-25 17:13:54,276 [ERROR] discord_notifier: Discord 推送异常: Invalid URL 'YOUR_DISCORD_WEBHOOK_URL_HERE': No scheme supplied. Perhaps you meant https://YOUR_DISCORD_WEBHOOK_URL_HERE?
2026-06-25 17:13:54,276 [INFO] main: === 开始市场扫描 [2026-06-25 09:13 UTC] ===
2026-06-25 17:13:54,276 [INFO] main:   → 分析 BTCUSDT ...
2026-06-25 17:13:56,552 [INFO] main:      BTCUSDT: NEUTRAL (强度 0) 价格=61752.0100 RSI=54.1
2026-06-25 17:13:56,552 [INFO] main:      · 信号强度不足或为中性，跳过推送
2026-06-25 17:13:56,552 [INFO] main:   → 分析 ETHUSDT ...
2026-06-25 17:13:58,639 [INFO] main:      ETHUSDT: NEUTRAL (强度 0) 价格=1654.0300 RSI=57.2
2026-06-25 17:13:58,639 [INFO] main:      · 信号强度不足或为中性，跳过推送
2026-06-25 17:13:58,639 [INFO] main:   → 分析 SOLUSDT ...
2026-06-25 17:14:02,096 [INFO] main:      SOLUSDT: NEUTRAL (强度 0) 价格=69.1500 RSI=55.6
2026-06-25 17:14:02,097 [INFO] main:      · 信号强度不足或为中性，跳过推送
2026-06-25 17:14:02,097 [INFO] main:   → 分析 BNBUSDT ...
2026-06-25 17:14:06,615 [INFO] main:      BNBUSDT: NEUTRAL (强度 0) 价格=569.9800 RSI=52.6
2026-06-25 17:14:06,615 [INFO] main:      · 信号强度不足或为中性，跳过推送
2026-06-25 17:14:06,616 [ERROR] discord_notifier: Discord 推送异常: Invalid URL 'YOUR_DISCORD_WEBHOOK_URL_HERE': No scheme supplied. Perhaps you meant https://YOUR_DISCORD_WEBHOOK_URL_HERE?
2026-06-25 17:14:06,616 [INFO] main: 汇总报告已发送，共分析 4 个币种
2026-06-25 17:14:06,616 [INFO] main: === 扫描完成 ===

2026-06-25 17:14:06,616 [INFO] main: --once 模式，退出
2026-06-25 17:15:33,319 [INFO] main: 🤖 交易信号机器人启动
2026-06-25 17:15:33,319 [INFO] main:    监控币种: BTCUSDT, ETHUSDT, SOLUSDT, BNBUSDT
2026-06-25 17:15:33,319 [INFO] main:    时间周期: 1H
2026-06-25 17:15:33,319 [INFO] main:    扫描间隔: 60 分钟
2026-06-25 17:15:34,972 [INFO] main: === 开始市场扫描 [2026-06-25 09:15 UTC] ===
2026-06-25 17:15:34,972 [INFO] main:   → 分析 BTCUSDT ...
2026-06-25 17:15:38,555 [INFO] main:      BTCUSDT: NEUTRAL (强度 0) 价格=61742.7300 RSI=54.0
2026-06-25 17:15:38,555 [INFO] main:      · 信号强度不足或为中性，跳过推送
2026-06-25 17:15:38,556 [INFO] main:   → 分析 ETHUSDT ...
2026-06-25 17:15:40,707 [INFO] main:      ETHUSDT: NEUTRAL (强度 0) 价格=1653.0500 RSI=56.8
2026-06-25 17:15:40,708 [INFO] main:      · 信号强度不足或为中性，跳过推送
2026-06-25 17:15:40,708 [INFO] main:   → 分析 SOLUSDT ...
2026-06-25 17:15:43,192 [INFO] main:      SOLUSDT: NEUTRAL (强度 0) 价格=69.1300 RSI=55.5
2026-06-25 17:15:43,192 [INFO] main:      · 信号强度不足或为中性，跳过推送
2026-06-25 17:15:43,192 [INFO] main:   → 分析 BNBUSDT ...
2026-06-25 17:15:45,952 [INFO] main:      BNBUSDT: NEUTRAL (强度 0) 价格=569.9700 RSI=52.6
2026-06-25 17:15:45,952 [INFO] main:      · 信号强度不足或为中性，跳过推送
2026-06-25 17:15:49,408 [INFO] main: 汇总报告已发送，共分析 4 个币种
2026-06-25 17:15:49,408 [INFO] main: === 扫描完成 ===

2026-06-25 17:15:49,409 [INFO] main: --once 模式，退出
2026-06-25 17:35:52,498 [INFO] main: 🤖 交易信号机器人启动
2026-06-25 17:35:52,499 [INFO] main:    监控币种: BTCUSDT, ETHUSDT, SOLUSDT, BNBUSDT
2026-06-25 17:35:52,499 [INFO] main:    时间周期: 1H
2026-06-25 17:35:52,499 [INFO] main:    扫描间隔: 60 分钟
2026-06-25 17:35:54,374 [INFO] main: === 开始市场扫描 [2026-06-25 09:35 UTC] ===
2026-06-25 17:35:54,375 [INFO] main:   → 分析 BTCUSDT ...
2026-06-25 17:35:56,271 [INFO] main:      BTCUSDT: NEUTRAL (强度 0) 价格=61713.0000 RSI=53.6
2026-06-25 17:35:56,271 [INFO] main:      · 信号强度不足或为中性，跳过推送
2026-06-25 17:35:56,271 [INFO] main:   → 分析 ETHUSDT ...
2026-06-25 17:35:59,773 [INFO] main:      ETHUSDT: NEUTRAL (强度 0) 价格=1648.2300 RSI=54.4
2026-06-25 17:35:59,774 [INFO] main:      · 信号强度不足或为中性，跳过推送
2026-06-25 17:35:59,774 [INFO] main:   → 分析 SOLUSDT ...
2026-06-25 17:36:02,201 [INFO] main:      SOLUSDT: NEUTRAL (强度 0) 价格=68.9200 RSI=53.6
2026-06-25 17:36:02,201 [INFO] main:      · 信号强度不足或为中性，跳过推送
2026-06-25 17:36:02,201 [INFO] main:   → 分析 BNBUSDT ...
2026-06-25 17:36:04,389 [INFO] main:      BNBUSDT: NEUTRAL (强度 0) 价格=568.4500 RSI=49.8
2026-06-25 17:36:04,389 [INFO] main:      · 信号强度不足或为中性，跳过推送
2026-06-25 17:36:05,509 [INFO] main: 汇总报告已发送，共分析 4 个币种
2026-06-25 17:36:05,510 [INFO] main: === 扫描完成 ===

2026-06-25 17:36:05,511 [INFO] main: 已设置定时任务，每 60 分钟执行一次（Ctrl+C 停止）
2026-06-25 18:36:05,446 [INFO] main: === 开始市场扫描 [2026-06-25 10:36 UTC] ===
2026-06-25 18:36:05,456 [INFO] main:   → 分析 BTCUSDT ...
2026-06-25 18:36:07,702 [INFO] main:      BTCUSDT: NEUTRAL (强度 0) 价格=61550.0000 RSI=51.0
2026-06-25 18:36:07,703 [INFO] main:      · 信号强度不足或为中性，跳过推送
2026-06-25 18:36:07,703 [INFO] main:   → 分析 ETHUSDT ...
2026-06-25 18:36:09,524 [INFO] main:      ETHUSDT: NEUTRAL (强度 0) 价格=1641.7100 RSI=51.2
2026-06-25 18:36:09,525 [INFO] main:      · 信号强度不足或为中性，跳过推送
2026-06-25 18:36:09,525 [INFO] main:   → 分析 SOLUSDT ...
2026-06-25 18:36:11,432 [INFO] main:      SOLUSDT: NEUTRAL (强度 0) 价格=68.5200 RSI=49.9
2026-06-25 18:36:11,432 [INFO] main:      · 信号强度不足或为中性，跳过推送
2026-06-25 18:36:11,432 [INFO] main:   → 分析 BNBUSDT ...
2026-06-25 18:36:13,414 [INFO] main:      BNBUSDT: NEUTRAL (强度 0) 价格=566.6700 RSI=46.5
2026-06-25 18:36:13,414 [INFO] main:      · 信号强度不足或为中性，跳过推送
2026-06-25 18:36:14,323 [INFO] main: 汇总报告已发送，共分析 4 个币种
2026-06-25 18:36:14,323 [INFO] main: === 扫描完成 ===

2026-06-25 19:36:14,427 [INFO] main: === 开始市场扫描 [2026-06-25 11:36 UTC] ===
2026-06-25 19:36:14,432 [INFO] main:   → 分析 BTCUSDT ...
2026-06-25 19:36:16,980 [INFO] main:      BTCUSDT: NEUTRAL (强度 0) 价格=61266.0100 RSI=47.0
2026-06-25 19:36:16,980 [INFO] main:      · 信号强度不足或为中性，跳过推送
2026-06-25 19:36:16,980 [INFO] main:   → 分析 ETHUSDT ...
2026-06-25 19:36:18,853 [INFO] main:      ETHUSDT: NEUTRAL (强度 0) 价格=1632.4600 RSI=47.2
2026-06-25 19:36:18,853 [INFO] main:      · 信号强度不足或为中性，跳过推送
2026-06-25 19:36:18,853 [INFO] main:   → 分析 SOLUSDT ...
2026-06-25 19:36:20,655 [INFO] main:      SOLUSDT: NEUTRAL (强度 0) 价格=68.1800 RSI=47.0
2026-06-25 19:36:20,655 [INFO] main:      · 信号强度不足或为中性，跳过推送
2026-06-25 19:36:20,656 [INFO] main:   → 分析 BNBUSDT ...
2026-06-25 19:36:22,861 [INFO] main:      BNBUSDT: NEUTRAL (强度 0) 价格=562.8900 RSI=40.6
2026-06-25 19:36:22,861 [INFO] main:      · 信号强度不足或为中性，跳过推送
2026-06-25 19:36:24,295 [INFO] main: 汇总报告已发送，共分析 4 个币种
2026-06-25 19:36:24,295 [INFO] main: === 扫描完成 ===

2026-06-25 20:36:24,326 [INFO] main: === 开始市场扫描 [2026-06-25 12:36 UTC] ===
2026-06-25 20:36:24,330 [INFO] main:   → 分析 BTCUSDT ...
2026-06-25 20:36:26,913 [INFO] main:      BTCUSDT: NEUTRAL (强度 0) 价格=61444.0000 RSI=49.6
2026-06-25 20:36:26,913 [INFO] main:      · 信号强度不足或为中性，跳过推送
2026-06-25 20:36:26,913 [INFO] main:   → 分析 ETHUSDT ...
2026-06-25 20:36:28,773 [INFO] main:      ETHUSDT: NEUTRAL (强度 0) 价格=1637.2300 RSI=49.6
2026-06-25 20:36:28,773 [INFO] main:      · 信号强度不足或为中性，跳过推送
2026-06-25 20:36:28,773 [INFO] main:   → 分析 SOLUSDT ...
2026-06-25 20:36:34,422 [ERROR] market_data: [SOLUSDT] 获取最新价格失败: HTTPSConnectionPool(host='api.binance.com', port=443): Read timed out. (read timeout=5)
2026-06-25 20:36:35,128 [INFO] main:      SOLUSDT: NEUTRAL (强度 0) 价格=68.4800 RSI=49.9
2026-06-25 20:36:35,129 [INFO] main:      · 信号强度不足或为中性，跳过推送
2026-06-25 20:36:35,129 [INFO] main:   → 分析 BNBUSDT ...
2026-06-25 20:36:37,589 [INFO] main:      BNBUSDT: NEUTRAL (强度 0) 价格=563.9400 RSI=43.2
2026-06-25 20:36:37,590 [INFO] main:      · 信号强度不足或为中性，跳过推送
2026-06-25 20:36:38,883 [INFO] main: 汇总报告已发送，共分析 4 个币种
2026-06-25 20:36:38,884 [INFO] main: === 扫描完成 ===

2026-06-25 21:36:38,785 [INFO] main: === 开始市场扫描 [2026-06-25 13:36 UTC] ===
2026-06-25 21:36:38,790 [INFO] main:   → 分析 BTCUSDT ...
2026-06-25 21:36:40,733 [INFO] main:      BTCUSDT: NEUTRAL (强度 0) 价格=60994.0100 RSI=43.2
2026-06-25 21:36:40,733 [INFO] main:      · 信号强度不足或为中性，跳过推送
2026-06-25 21:36:40,733 [INFO] main:   → 分析 ETHUSDT ...
2026-06-25 21:36:42,603 [INFO] main:      ETHUSDT: NEUTRAL (强度 0) 价格=1623.4900 RSI=43.4
2026-06-25 21:36:42,603 [INFO] main:      · 信号强度不足或为中性，跳过推送
2026-06-25 21:36:42,603 [INFO] main:   → 分析 SOLUSDT ...
2026-06-25 21:36:46,178 [INFO] main:      SOLUSDT: NEUTRAL (强度 0) 价格=67.8600 RSI=44.0
2026-06-25 21:36:46,178 [INFO] main:      · 信号强度不足或为中性，跳过推送
2026-06-25 21:36:46,178 [INFO] main:   → 分析 BNBUSDT ...
2026-06-25 21:36:48,069 [INFO] main:      BNBUSDT: NEUTRAL (强度 0) 价格=565.6600 RSI=46.7
2026-06-25 21:36:48,069 [INFO] main:      · 信号强度不足或为中性，跳过推送
2026-06-25 21:36:49,023 [INFO] main: 汇总报告已发送，共分析 4 个币种
2026-06-25 21:36:49,023 [INFO] main: === 扫描完成 ===

2026-06-25 22:36:48,844 [INFO] main: === 开始市场扫描 [2026-06-25 14:36 UTC] ===
2026-06-25 22:36:48,849 [INFO] main:   → 分析 BTCUSDT ...
2026-06-25 22:36:52,095 [INFO] main:      BTCUSDT: SELL (强度 1) 价格=59829.3000 RSI=40.2
2026-06-25 22:36:52,095 [INFO] main:      · 信号强度不足或为中性，跳过推送
2026-06-25 22:36:52,095 [INFO] main:   → 分析 ETHUSDT ...
2026-06-25 22:36:55,620 [INFO] main:      ETHUSDT: NEUTRAL (强度 1) 价格=1574.4600 RSI=37.1
2026-06-25 22:36:55,620 [INFO] main:      · 信号强度不足或为中性，跳过推送
2026-06-25 22:36:55,621 [INFO] main:   → 分析 SOLUSDT ...
2026-06-25 22:36:58,374 [INFO] main:      SOLUSDT: SELL (强度 1) 价格=66.3400 RSI=41.4
2026-06-25 22:36:58,374 [INFO] main:      · 信号强度不足或为中性，跳过推送
2026-06-25 22:36:58,374 [INFO] main:   → 分析 BNBUSDT ...
2026-06-25 22:37:01,688 [INFO] main:      BNBUSDT: SELL (强度 1) 价格=554.7200 RSI=40.0
2026-06-25 22:37:01,688 [INFO] main:      · 信号强度不足或为中性，跳过推送
2026-06-25 22:37:02,680 [INFO] main: 汇总报告已发送，共分析 4 个币种
2026-06-25 22:37:02,681 [INFO] main: === 扫描完成 ===

2026-06-25 23:37:02,759 [INFO] main: === 开始市场扫描 [2026-06-25 15:37 UTC] ===
2026-06-25 23:37:02,764 [INFO] main:   → 分析 BTCUSDT ...
2026-06-25 23:37:05,874 [INFO] main:      BTCUSDT: NEUTRAL (强度 1) 价格=59386.4200 RSI=36.5
2026-06-25 23:37:05,874 [INFO] main:      · 信号强度不足或为中性，跳过推送
2026-06-25 23:37:05,874 [INFO] main:   → 分析 ETHUSDT ...
2026-06-25 23:37:08,240 [INFO] main:      ETHUSDT: NEUTRAL (强度 1) 价格=1563.5300 RSI=34.5
2026-06-25 23:37:08,241 [INFO] main:      · 信号强度不足或为中性，跳过推送
2026-06-25 23:37:08,241 [INFO] main:   → 分析 SOLUSDT ...
2026-06-25 23:37:10,882 [INFO] main:      SOLUSDT: SELL (强度 1) 价格=66.1100 RSI=40.2
2026-06-25 23:37:10,883 [INFO] main:      · 信号强度不足或为中性，跳过推送
2026-06-25 23:37:10,883 [INFO] main:   → 分析 BNBUSDT ...
2026-06-25 23:37:13,524 [INFO] main:      BNBUSDT: SELL (强度 1) 价格=553.7100 RSI=38.8
2026-06-25 23:37:13,524 [INFO] main:      · 信号强度不足或为中性，跳过推送
2026-06-25 23:37:15,226 [INFO] main: 汇总报告已发送，共分析 4 个币种
2026-06-25 23:37:15,227 [INFO] main: === 扫描完成 ===

2026-06-26 00:37:15,253 [INFO] main: === 开始市场扫描 [2026-06-25 16:37 UTC] ===
2026-06-26 00:37:15,256 [INFO] main:   → 分析 BTCUSDT ...
2026-06-26 00:37:17,477 [INFO] main:      BTCUSDT: SELL (强度 1) 价格=59438.0000 RSI=37.1
2026-06-26 00:37:17,477 [INFO] main:      · 信号强度不足或为中性，跳过推送
2026-06-26 00:37:17,477 [INFO] main:   → 分析 ETHUSDT ...
2026-06-26 00:37:21,124 [INFO] main:      ETHUSDT: NEUTRAL (强度 1) 价格=1566.3100 RSI=35.1
2026-06-26 00:37:21,125 [INFO] main:      · 信号强度不足或为中性，跳过推送
2026-06-26 00:37:21,125 [INFO] main:   → 分析 SOLUSDT ...
2026-06-26 00:37:23,951 [INFO] main:      SOLUSDT: SELL (强度 1) 价格=66.3200 RSI=41.2
2026-06-26 00:37:23,952 [INFO] main:      · 信号强度不足或为中性，跳过推送
2026-06-26 00:37:23,952 [INFO] main:   → 分析 BNBUSDT ...
2026-06-26 00:37:25,853 [INFO] main:      BNBUSDT: SELL (强度 1) 价格=554.4400 RSI=39.9
2026-06-26 00:37:25,854 [INFO] main:      · 信号强度不足或为中性，跳过推送
2026-06-26 00:37:26,884 [INFO] main: 汇总报告已发送，共分析 4 个币种
2026-06-26 00:37:26,885 [INFO] main: === 扫描完成 ===

2026-06-26 01:37:26,908 [INFO] main: === 开始市场扫描 [2026-06-25 17:37 UTC] ===
2026-06-26 01:37:26,912 [INFO] main:   → 分析 BTCUSDT ...
2026-06-26 01:37:28,804 [INFO] main:      BTCUSDT: SELL (强度 1) 价格=59648.0000 RSI=39.8
2026-06-26 01:37:28,805 [INFO] main:      · 信号强度不足或为中性，跳过推送
2026-06-26 01:37:28,805 [INFO] main:   → 分析 ETHUSDT ...
2026-06-26 01:37:30,641 [INFO] main:      ETHUSDT: SELL (强度 1) 价格=1571.9900 RSI=37.8
2026-06-26 01:37:30,641 [INFO] main:      · 信号强度不足或为中性，跳过推送
2026-06-26 01:37:30,642 [INFO] main:   → 分析 SOLUSDT ...
2026-06-26 01:37:32,438 [INFO] main:      SOLUSDT: SELL (强度 1) 价格=67.0600 RSI=46.3
2026-06-26 01:37:32,438 [INFO] main:      · 信号强度不足或为中性，跳过推送
2026-06-26 01:37:32,438 [INFO] main:   → 分析 BNBUSDT ...
2026-06-26 01:37:34,284 [INFO] main:      BNBUSDT: SELL (强度 1) 价格=559.2500 RSI=45.8
2026-06-26 01:37:34,284 [INFO] main:      · 信号强度不足或为中性，跳过推送
2026-06-26 01:37:35,205 [INFO] main: 汇总报告已发送，共分析 4 个币种
2026-06-26 01:37:35,205 [INFO] main: === 扫描完成 ===

2026-06-26 02:37:35,320 [INFO] main: === 开始市场扫描 [2026-06-25 18:37 UTC] ===
2026-06-26 02:37:35,324 [INFO] main:   → 分析 BTCUSDT ...
2026-06-26 02:37:37,346 [INFO] main:      BTCUSDT: SELL (强度 1) 价格=59461.8300 RSI=38.7
2026-06-26 02:37:37,346 [INFO] main:      · 信号强度不足或为中性，跳过推送
2026-06-26 02:37:37,346 [INFO] main:   → 分析 ETHUSDT ...
2026-06-26 02:37:39,150 [INFO] main:      ETHUSDT: SELL (强度 1) 价格=1562.8100 RSI=36.3
2026-06-26 02:37:39,150 [INFO] main:      · 信号强度不足或为中性，跳过推送
2026-06-26 02:37:39,150 [INFO] main:   → 分析 SOLUSDT ...
2026-06-26 02:37:40,977 [INFO] main:      SOLUSDT: SELL (强度 1) 价格=66.0800 RSI=41.9
2026-06-26 02:37:40,978 [INFO] main:      · 信号强度不足或为中性，跳过推送
2026-06-26 02:37:40,978 [INFO] main:   → 分析 BNBUSDT ...
2026-06-26 02:37:42,827 [INFO] main:      BNBUSDT: SELL (强度 1) 价格=556.8100 RSI=43.6
2026-06-26 02:37:42,827 [INFO] main:      · 信号强度不足或为中性，跳过推送
2026-06-26 02:37:43,815 [INFO] main: 汇总报告已发送，共分析 4 个币种
2026-06-26 02:37:43,816 [INFO] main: === 扫描完成 ===

2026-06-26 03:37:43,848 [INFO] main: === 开始市场扫描 [2026-06-25 19:37 UTC] ===
2026-06-26 03:37:43,852 [INFO] main:   → 分析 BTCUSDT ...
2026-06-26 03:37:45,737 [INFO] main:      BTCUSDT: SELL (强度 1) 价格=59330.0100 RSI=37.8
2026-06-26 03:37:45,737 [INFO] main:      · 信号强度不足或为中性，跳过推送
2026-06-26 03:37:45,737 [INFO] main:   → 分析 ETHUSDT ...
2026-06-26 03:37:47,620 [INFO] main:      ETHUSDT: SELL (强度 1) 价格=1559.5200 RSI=35.6
2026-06-26 03:37:47,621 [INFO] main:      · 信号强度不足或为中性，跳过推送
2026-06-26 03:37:47,621 [INFO] main:   → 分析 SOLUSDT ...
2026-06-26 03:37:49,407 [INFO] main:      SOLUSDT: SELL (强度 1) 价格=66.0700 RSI=41.8
2026-06-26 03:37:49,407 [INFO] main:      · 信号强度不足或为中性，跳过推送
2026-06-26 03:37:49,407 [INFO] main:   → 分析 BNBUSDT ...
2026-06-26 03:37:51,266 [INFO] main:      BNBUSDT: SELL (强度 1) 价格=554.0600 RSI=41.2
2026-06-26 03:37:51,266 [INFO] main:      · 信号强度不足或为中性，跳过推送
2026-06-26 03:37:52,308 [INFO] main: 汇总报告已发送，共分析 4 个币种
2026-06-26 03:37:52,308 [INFO] main: === 扫描完成 ===

2026-06-26 04:37:52,303 [INFO] main: === 开始市场扫描 [2026-06-25 20:37 UTC] ===
2026-06-26 04:37:52,308 [INFO] main:   → 分析 BTCUSDT ...
2026-06-26 04:37:54,234 [INFO] main:      BTCUSDT: SELL (强度 1) 价格=59574.0100 RSI=40.6
2026-06-26 04:37:54,234 [INFO] main:      · 信号强度不足或为中性，跳过推送
2026-06-26 04:37:54,234 [INFO] main:   → 分析 ETHUSDT ...
2026-06-26 04:37:56,081 [INFO] main:      ETHUSDT: SELL (强度 1) 价格=1565.2900 RSI=37.7
2026-06-26 04:37:56,081 [INFO] main:      · 信号强度不足或为中性，跳过推送
2026-06-26 04:37:56,081 [INFO] main:   → 分析 SOLUSDT ...
2026-06-26 04:37:57,924 [INFO] main:      SOLUSDT: SELL (强度 1) 价格=66.5700 RSI=44.8
2026-06-26 04:37:57,924 [INFO] main:      · 信号强度不足或为中性，跳过推送
2026-06-26 04:37:57,924 [INFO] main:   → 分析 BNBUSDT ...
2026-06-26 04:37:59,797 [INFO] main:      BNBUSDT: SELL (强度 1) 价格=556.1300 RSI=43.7
2026-06-26 04:37:59,798 [INFO] main:      · 信号强度不足或为中性，跳过推送
2026-06-26 04:38:00,825 [INFO] main: 汇总报告已发送，共分析 4 个币种
2026-06-26 04:38:00,825 [INFO] main: === 扫描完成 ===

2026-06-26 05:38:00,789 [INFO] main: === 开始市场扫描 [2026-06-25 21:38 UTC] ===
2026-06-26 05:38:00,796 [INFO] main:   → 分析 BTCUSDT ...
2026-06-26 05:38:02,727 [INFO] main:      BTCUSDT: SELL (强度 1) 价格=59921.9900 RSI=44.5
2026-06-26 05:38:02,727 [INFO] main:      · 信号强度不足或为中性，跳过推送
2026-06-26 05:38:02,727 [INFO] main:   → 分析 ETHUSDT ...
2026-06-26 05:38:04,600 [INFO] main:      ETHUSDT: SELL (强度 1) 价格=1574.1300 RSI=41.3
2026-06-26 05:38:04,600 [INFO] main:      · 信号强度不足或为中性，跳过推送
2026-06-26 05:38:04,600 [INFO] main:   → 分析 SOLUSDT ...
2026-06-26 05:38:06,443 [INFO] main:      SOLUSDT: SELL (强度 1) 价格=67.1200 RSI=48.3
2026-06-26 05:38:06,443 [INFO] main:      · 信号强度不足或为中性，跳过推送
2026-06-26 05:38:06,443 [INFO] main:   → 分析 BNBUSDT ...
2026-06-26 05:38:08,298 [INFO] main:      BNBUSDT: BUY (强度 1) 价格=559.9200 RSI=48.3
2026-06-26 05:38:08,298 [INFO] main:      · 信号强度不足或为中性，跳过推送
2026-06-26 05:38:09,229 [INFO] main: 汇总报告已发送，共分析 4 个币种
2026-06-26 05:38:09,229 [INFO] main: === 扫描完成 ===

2026-06-26 06:38:09,261 [INFO] main: === 开始市场扫描 [2026-06-25 22:38 UTC] ===
2026-06-26 06:38:09,266 [INFO] main:   → 分析 BTCUSDT ...
2026-06-26 06:38:11,240 [INFO] main:      BTCUSDT: SELL (强度 1) 价格=59846.0100 RSI=44.4
2026-06-26 06:38:11,240 [INFO] main:      · 信号强度不足或为中性，跳过推送
2026-06-26 06:38:11,240 [INFO] main:   → 分析 ETHUSDT ...
2026-06-26 06:38:13,098 [INFO] main:      ETHUSDT: SELL (强度 1) 价格=1571.3300 RSI=41.0
2026-06-26 06:38:13,098 [INFO] main:      · 信号强度不足或为中性，跳过推送
2026-06-26 06:38:13,098 [INFO] main:   → 分析 SOLUSDT ...
2026-06-26 06:38:14,981 [INFO] main:      SOLUSDT: BUY (强度 1) 价格=67.2100 RSI=48.8
2026-06-26 06:38:14,982 [INFO] main:      · 信号强度不足或为中性，跳过推送
2026-06-26 06:38:14,982 [INFO] main:   → 分析 BNBUSDT ...
2026-06-26 06:38:16,813 [INFO] main:      BNBUSDT: NEUTRAL (强度 0) 价格=560.3200 RSI=48.8
2026-06-26 06:38:16,813 [INFO] main:      · 信号强度不足或为中性，跳过推送
2026-06-26 06:38:17,827 [INFO] main: 汇总报告已发送，共分析 4 个币种
2026-06-26 06:38:17,828 [INFO] main: === 扫描完成 ===

2026-06-26 07:38:17,812 [INFO] main: === 开始市场扫描 [2026-06-25 23:38 UTC] ===
2026-06-26 07:38:17,816 [INFO] main:   → 分析 BTCUSDT ...
2026-06-26 07:38:20,177 [INFO] main:      BTCUSDT: BUY (强度 1) 价格=60095.9900 RSI=46.8
2026-06-26 07:38:20,177 [INFO] main:      · 信号强度不足或为中性，跳过推送
2026-06-26 07:38:20,177 [INFO] main:   → 分析 ETHUSDT ...
2026-06-26 07:38:21,979 [INFO] main:      ETHUSDT: SELL (强度 1) 价格=1576.7000 RSI=42.9
2026-06-26 07:38:21,979 [INFO] main:      · 信号强度不足或为中性，跳过推送
2026-06-26 07:38:21,979 [INFO] main:   → 分析 SOLUSDT ...
2026-06-26 07:38:23,856 [INFO] main:      SOLUSDT: NEUTRAL (强度 0) 价格=68.1900 RSI=54.3
2026-06-26 07:38:23,856 [INFO] main:      · 信号强度不足或为中性，跳过推送
2026-06-26 07:38:23,856 [INFO] main:   → 分析 BNBUSDT ...
2026-06-26 07:38:25,764 [INFO] main:      BNBUSDT: NEUTRAL (强度 0) 价格=562.3800 RSI=51.1
2026-06-26 07:38:25,764 [INFO] main:      · 信号强度不足或为中性，跳过推送
2026-06-26 07:38:26,701 [INFO] main: 汇总报告已发送，共分析 4 个币种
2026-06-26 07:38:26,701 [INFO] main: === 扫描完成 ===

2026-06-26 08:38:26,736 [INFO] main: === 开始市场扫描 [2026-06-26 00:38 UTC] ===
2026-06-26 08:38:26,741 [INFO] main:   → 分析 BTCUSDT ...
2026-06-26 08:38:28,653 [INFO] main:      BTCUSDT: NEUTRAL (强度 0) 价格=59773.9900 RSI=43.7
2026-06-26 08:38:28,653 [INFO] main:      · 信号强度不足或为中性，跳过推送
2026-06-26 08:38:28,653 [INFO] main:   → 分析 ETHUSDT ...
2026-06-26 08:38:30,468 [INFO] main:      ETHUSDT: SELL (强度 1) 价格=1568.6100 RSI=40.4
2026-06-26 08:38:30,468 [INFO] main:      · 信号强度不足或为中性，跳过推送
2026-06-26 08:38:30,468 [INFO] main:   → 分析 SOLUSDT ...
2026-06-26 08:38:32,335 [INFO] main:      SOLUSDT: NEUTRAL (强度 0) 价格=67.8900 RSI=52.8
2026-06-26 08:38:32,335 [INFO] main:      · 信号强度不足或为中性，跳过推送
2026-06-26 08:38:32,335 [INFO] main:   → 分析 BNBUSDT ...
2026-06-26 08:38:34,204 [INFO] main:      BNBUSDT: NEUTRAL (强度 0) 价格=562.2800 RSI=51.1
2026-06-26 08:38:34,205 [INFO] main:      · 信号强度不足或为中性，跳过推送
2026-06-26 08:38:35,225 [INFO] main: 汇总报告已发送，共分析 4 个币种
2026-06-26 08:38:35,225 [INFO] main: === 扫描完成 ===

2026-06-26 09:38:35,228 [INFO] main: === 开始市场扫描 [2026-06-26 01:38 UTC] ===
2026-06-26 09:38:35,232 [INFO] main:   → 分析 BTCUSDT ...
2026-06-26 09:38:37,301 [INFO] main:      BTCUSDT: NEUTRAL (强度 0) 价格=59284.0000 RSI=39.5
2026-06-26 09:38:37,301 [INFO] main:      · 信号强度不足或为中性，跳过推送
2026-06-26 09:38:37,301 [INFO] main:   → 分析 ETHUSDT ...
2026-06-26 09:38:39,763 [INFO] main:      ETHUSDT: SELL (强度 1) 价格=1558.8700 RSI=37.8
2026-06-26 09:38:39,763 [INFO] main:      · 信号强度不足或为中性，跳过推送
2026-06-26 09:38:39,763 [INFO] main:   → 分析 SOLUSDT ...
2026-06-26 09:38:41,904 [INFO] main:      SOLUSDT: NEUTRAL (强度 0) 价格=67.2500 RSI=48.8
2026-06-26 09:38:41,904 [INFO] main:      · 信号强度不足或为中性，跳过推送
2026-06-26 09:38:41,904 [INFO] main:   → 分析 BNBUSDT ...
2026-06-26 09:38:44,071 [INFO] main:      BNBUSDT: NEUTRAL (强度 0) 价格=557.5600 RSI=45.4
2026-06-26 09:38:44,072 [INFO] main:      · 信号强度不足或为中性，跳过推送
2026-06-26 09:38:45,060 [INFO] main: 汇总报告已发送，共分析 4 个币种
2026-06-26 09:38:45,060 [INFO] main: === 扫描完成 ===

2026-06-26 10:38:45,064 [INFO] main: === 开始市场扫描 [2026-06-26 02:38 UTC] ===
2026-06-26 10:38:45,069 [INFO] main:   → 分析 BTCUSDT ...
2026-06-26 10:38:47,490 [INFO] main:      BTCUSDT: SELL (强度 1) 价格=58760.1800 RSI=35.5
2026-06-26 10:38:47,490 [INFO] main:      · 信号强度不足或为中性，跳过推送
2026-06-26 10:38:47,490 [INFO] main:   → 分析 ETHUSDT ...
2026-06-26 10:38:49,614 [INFO] main:      ETHUSDT: SELL (强度 1) 价格=1534.2200 RSI=32.1
2026-06-26 10:38:49,615 [INFO] main:      · 信号强度不足或为中性，跳过推送
2026-06-26 10:38:49,615 [INFO] main:   → 分析 SOLUSDT ...
2026-06-26 10:38:52,405 [INFO] main:      SOLUSDT: NEUTRAL (强度 0) 价格=66.4900 RSI=44.2
2026-06-26 10:38:52,405 [INFO] main:      · 信号强度不足或为中性，跳过推送
2026-06-26 10:38:52,405 [INFO] main:   → 分析 BNBUSDT ...
2026-06-26 10:38:54,206 [INFO] main:      BNBUSDT: NEUTRAL (强度 0) 价格=553.8000 RSI=41.1
2026-06-26 10:38:54,206 [INFO] main:      · 信号强度不足或为中性，跳过推送
2026-06-26 10:38:55,445 [INFO] main: 汇总报告已发送，共分析 4 个币种
2026-06-26 10:38:55,445 [INFO] main: === 扫描完成 ===

2026-06-26 11:38:55,327 [INFO] main: === 开始市场扫描 [2026-06-26 03:38 UTC] ===
2026-06-26 11:38:55,330 [INFO] main:   → 分析 BTCUSDT ...
2026-06-26 11:38:57,949 [INFO] main:      BTCUSDT: SELL (强度 1) 价格=59390.8900 RSI=43.5
2026-06-26 11:38:57,949 [INFO] main:      · 信号强度不足或为中性，跳过推送
2026-06-26 11:38:57,949 [INFO] main:   → 分析 ETHUSDT ...
2026-06-26 11:38:59,857 [INFO] main:      ETHUSDT: SELL (强度 1) 价格=1535.9200 RSI=34.8
2026-06-26 11:38:59,858 [INFO] main:      · 信号强度不足或为中性，跳过推送
2026-06-26 11:38:59,858 [INFO] main:   → 分析 SOLUSDT ...
2026-06-26 11:39:01,789 [INFO] main:      SOLUSDT: NEUTRAL (强度 0) 价格=67.2700 RSI=49.5
2026-06-26 11:39:01,790 [INFO] main:      · 信号强度不足或为中性，跳过推送
2026-06-26 11:39:01,791 [INFO] main:   → 分析 BNBUSDT ...
2026-06-26 11:39:03,636 [INFO] main:      BNBUSDT: NEUTRAL (强度 0) 价格=558.7500 RSI=48.0
2026-06-26 11:39:03,636 [INFO] main:      · 信号强度不足或为中性，跳过推送
2026-06-26 11:39:04,591 [INFO] main: 汇总报告已发送，共分析 4 个币种
2026-06-26 11:39:04,591 [INFO] main: === 扫描完成 ===

2026-06-26 12:39:04,556 [INFO] main: === 开始市场扫描 [2026-06-26 04:39 UTC] ===
2026-06-26 12:39:04,559 [INFO] main:   → 分析 BTCUSDT ...
2026-06-26 12:39:06,778 [INFO] main:      BTCUSDT: NEUTRAL (强度 0) 价格=59908.0000 RSI=48.1
2026-06-26 12:39:06,778 [INFO] main:      · 信号强度不足或为中性，跳过推送
2026-06-26 12:39:06,778 [INFO] main:   → 分析 ETHUSDT ...
2026-06-26 12:39:09,198 [INFO] main:      ETHUSDT: SELL (强度 1) 价格=1550.0800 RSI=40.5
2026-06-26 12:39:09,199 [INFO] main:      · 信号强度不足或为中性，跳过推送
2026-06-26 12:39:09,199 [INFO] main:   → 分析 SOLUSDT ...
2026-06-26 12:39:11,086 [INFO] main:      SOLUSDT: NEUTRAL (强度 0) 价格=68.0500 RSI=53.4
2026-06-26 12:39:11,087 [INFO] main:      · 信号强度不足或为中性，跳过推送
2026-06-26 12:39:11,087 [INFO] main:   → 分析 BNBUSDT ...
2026-06-26 12:39:12,984 [INFO] main:      BNBUSDT: NEUTRAL (强度 0) 价格=560.5100 RSI=49.9
2026-06-26 12:39:12,984 [INFO] main:      · 信号强度不足或为中性，跳过推送
2026-06-26 12:39:13,967 [INFO] main: 汇总报告已发送，共分析 4 个币种
2026-06-26 12:39:13,968 [INFO] main: === 扫描完成 ===

